QuestaSim-64 vmap 2022.2 Lib Mapping Utility 2022.04 Apr 25 2022
vmap xil_defaultlib questa_lib/msim/xil_defaultlib 
Modifying modelsim.ini
QuestaSim-64 vlog 2022.2 Compiler 2022.04 Apr 25 2022
Start time: 20:16:21 on Sep 27,2023
vlog -64 -incr -mfcu -work xil_defaultlib tb_crc_8_time_impl.v 
-- Compiling module crc_8
-- Compiling module glbl

Top level modules:
	crc_8
	glbl
End time: 20:16:22 on Sep 27,2023, Elapsed time: 0:00:01
Errors: 0, Warnings: 0
QuestaSim-64 vcom 2022.2 Compiler 2022.04 Apr 25 2022
Start time: 20:16:22 on Sep 27,2023
vcom -64 -2008 -work xil_defaultlib ../../../../../../../tb/tb_crc_8.vhd 
-- Loading package STANDARD
-- Loading package TEXTIO
-- Loading package std_logic_1164
-- Compiling entity tb_crc_8
-- Compiling architecture tesbench of tb_crc_8
-- Loading package vl_types
-- Loading entity crc_8
End time: 20:16:23 on Sep 27,2023, Elapsed time: 0:00:01
Errors: 0, Warnings: 0
