#-----------------------------------------------------------
# Vivado v2022.1 (64-bit)
# SW Build 3526262 on Mon Apr 18 15:47:01 MDT 2022
# IP Build 3524634 on Mon Apr 18 20:55:01 MDT 2022
# Start of session at: Wed Sep 27 13:23:30 2023
# Process ID: 12585
# Current directory: /user/didouha/homedir/E4/P1/SEI_4101A/TP_CRC/TP_CRC/TP_CRC_SANS_AMELIORATION/impl
# Command line: vivado
# Log file: /user/didouha/homedir/E4/P1/SEI_4101A/TP_CRC/TP_CRC/TP_CRC_SANS_AMELIORATION/impl/vivado.log
# Journal file: /user/didouha/homedir/E4/P1/SEI_4101A/TP_CRC/TP_CRC/TP_CRC_SANS_AMELIORATION/impl/vivado.jou
# Running On: pc3454a, OS: Linux, CPU Frequency: 1596.404 MHz, CPU Physical cores: 4, Host memory: 8004 MB
#-----------------------------------------------------------
start_gui
Sourcing tcl script '/nfs/opt/eda/tools/amd/vitis-2022.1/Vivado/2022.1/scripts/Vivado_init.tcl'
ESIEE Paris custom init
(/nfs/opt/eda/tools/amd/vitis-2022.1/Vivado/2022.1/scripts/Vivado_init.tcl)
(others ESIEE custom config in : ~/.Xilinx/Vivado/2022.1/vivado.ini)
 * Checking LANG, result should be en_US.UTF-8 : result=en_US.UTF-8
 * Raising 'multi-driven net on pin' (critical warning) severity to error
open_project /user/didouha/homedir/E4/P1/SEI_4101A/TP_CRC/TP_CRC/TP_CRC_SANS_AMELIORATION/impl/project_crc_v1/project_crc_v1.xpr
WARNING: [Board 49-26] cannot add Board Part xilinx.com:kcu105:part0:1.6 available at /nfs/opt/eda/tools/amd/vitis-2022.1/Vivado/2022.1/data/xhub/boards/XilinxBoardStore/boards/Xilinx/kcu105/1.6/board.xml as part xcku040-ffva1156-2-e specified in board_part file is either invalid or not available
WARNING: [Board 49-26] cannot add Board Part xilinx.com:kcu105:part0:1.7 available at /nfs/opt/eda/tools/amd/vitis-2022.1/Vivado/2022.1/data/xhub/boards/XilinxBoardStore/boards/Xilinx/kcu105/1.7/board.xml as part xcku040-ffva1156-2-e specified in board_part file is either invalid or not available
WARNING: [Board 49-26] cannot add Board Part xilinx.com:kcu1500:part0:1.2 available at /nfs/opt/eda/tools/amd/vitis-2022.1/Vivado/2022.1/data/xhub/boards/XilinxBoardStore/boards/Xilinx/kcu1500/1.2/board.xml as part xcku115-flvb2104-2-e specified in board_part file is either invalid or not available
WARNING: [Board 49-26] cannot add Board Part xilinx.com:vc707:part0:1.4 available at /nfs/opt/eda/tools/amd/vitis-2022.1/Vivado/2022.1/data/xhub/boards/XilinxBoardStore/boards/Xilinx/vc707/1.4/board.xml as part xc7vx485tffg1761-2 specified in board_part file is either invalid or not available
WARNING: [Board 49-26] cannot add Board Part xilinx.com:vc709:part0:1.8 available at /nfs/opt/eda/tools/amd/vitis-2022.1/Vivado/2022.1/data/xhub/boards/XilinxBoardStore/boards/Xilinx/vc709/1.8/board.xml as part xc7vx690tffg1761-2 specified in board_part file is either invalid or not available
WARNING: [Board 49-26] cannot add Board Part xilinx.com:vck190:part0:2.2 available at /nfs/opt/eda/tools/amd/vitis-2022.1/Vivado/2022.1/data/xhub/boards/XilinxBoardStore/boards/Xilinx/vck190/production/2.2/board.xml as part xcvc1902-vsva2197-2mp-e-s specified in board_part file is either invalid or not available
WARNING: [Board 49-26] cannot add Board Part xilinx.com:vck190:part0:3.0 available at /nfs/opt/eda/tools/amd/vitis-2022.1/Vivado/2022.1/data/xhub/boards/XilinxBoardStore/boards/Xilinx/vck190/production/3.0/board.xml as part xcvc1902-vsva2197-2mp-e-s specified in board_part file is either invalid or not available
WARNING: [Board 49-26] cannot add Board Part xilinx.com:vck190_newl:part0:1.0 available at /nfs/opt/eda/tools/amd/vitis-2022.1/Vivado/2022.1/data/xhub/boards/XilinxBoardStore/boards/Xilinx/vck190_newl/production/1.0/board.xml as part xcvc1902-vsva2197-2mp-e-s specified in board_part file is either invalid or not available
WARNING: [Board 49-26] cannot add Board Part xilinx.com:vcu108:part0:1.6 available at /nfs/opt/eda/tools/amd/vitis-2022.1/Vivado/2022.1/data/xhub/boards/XilinxBoardStore/boards/Xilinx/vcu108/1.6/board.xml as part xcvu095-ffva2104-2-e specified in board_part file is either invalid or not available
WARNING: [Board 49-26] cannot add Board Part xilinx.com:vcu108:part0:1.7 available at /nfs/opt/eda/tools/amd/vitis-2022.1/Vivado/2022.1/data/xhub/boards/XilinxBoardStore/boards/Xilinx/vcu108/1.7/board.xml as part xcvu095-ffva2104-2-e specified in board_part file is either invalid or not available
WARNING: [Board 49-26] cannot add Board Part xilinx.com:vcu110:part0:1.4 available at /nfs/opt/eda/tools/amd/vitis-2022.1/Vivado/2022.1/data/xhub/boards/XilinxBoardStore/boards/Xilinx/vcu110/1.4/board.xml as part xcvu190-flgc2104-2-e specified in board_part file is either invalid or not available
WARNING: [Board 49-26] cannot add Board Part xilinx.com:vcu118:part0:2.0 available at /nfs/opt/eda/tools/amd/vitis-2022.1/Vivado/2022.1/data/xhub/boards/XilinxBoardStore/boards/Xilinx/vcu118/2.0/board.xml as part xcvu9p-flga2104-2l-e specified in board_part file is either invalid or not available
WARNING: [Board 49-26] cannot add Board Part xilinx.com:vcu118:part0:2.3 available at /nfs/opt/eda/tools/amd/vitis-2022.1/Vivado/2022.1/data/xhub/boards/XilinxBoardStore/boards/Xilinx/vcu118/2.3/board.xml as part xcvu9p-flga2104-2l-e specified in board_part file is either invalid or not available
WARNING: [Board 49-26] cannot add Board Part xilinx.com:vcu118:part0:2.4 available at /nfs/opt/eda/tools/amd/vitis-2022.1/Vivado/2022.1/data/xhub/boards/XilinxBoardStore/boards/Xilinx/vcu118/2.4/board.xml as part xcvu9p-flga2104-2l-e specified in board_part file is either invalid or not available
WARNING: [Board 49-26] cannot add Board Part xilinx.com:vcu128:part0:1.0 available at /nfs/opt/eda/tools/amd/vitis-2022.1/Vivado/2022.1/data/xhub/boards/XilinxBoardStore/boards/Xilinx/vcu128/production/1.0/board.xml as part xcvu37p-fsvh2892-2l-e specified in board_part file is either invalid or not available
WARNING: [Board 49-26] cannot add Board Part xilinx.com:vcu129:part0:1.0 available at /nfs/opt/eda/tools/amd/vitis-2022.1/Vivado/2022.1/data/xhub/boards/XilinxBoardStore/boards/Xilinx/vcu129/production/1.0/board.xml as part xcvu29p-fsga2577-2l-e specified in board_part file is either invalid or not available
WARNING: [Board 49-26] cannot add Board Part xilinx.com:vcu1525:part0:1.3 available at /nfs/opt/eda/tools/amd/vitis-2022.1/Vivado/2022.1/data/xhub/boards/XilinxBoardStore/boards/Xilinx/vcu1525/1.3/board.xml as part xcvu9p-fsgd2104-2l-e specified in board_part file is either invalid or not available
WARNING: [Board 49-26] cannot add Board Part xilinx.com:vermeo_t1_rfsoc:part0:1.0 available at /nfs/opt/eda/tools/amd/vitis-2022.1/Vivado/2022.1/data/xhub/boards/XilinxBoardStore/boards/Xilinx/vermeo_t1_rfsoc/1.0/board.xml as part xczu21dr-ffvd1156-2l-e specified in board_part file is either invalid or not available
WARNING: [Board 49-26] cannot add Board Part xilinx.com:vmk180:part0:2.2 available at /nfs/opt/eda/tools/amd/vitis-2022.1/Vivado/2022.1/data/xhub/boards/XilinxBoardStore/boards/Xilinx/vmk180/production/2.2/board.xml as part xcvm1802-vsva2197-2mp-e-s specified in board_part file is either invalid or not available
WARNING: [Board 49-26] cannot add Board Part xilinx.com:vmk180:part0:3.0 available at /nfs/opt/eda/tools/amd/vitis-2022.1/Vivado/2022.1/data/xhub/boards/XilinxBoardStore/boards/Xilinx/vmk180/production/3.0/board.xml as part xcvm1802-vsva2197-2mp-e-s specified in board_part file is either invalid or not available
WARNING: [Board 49-26] cannot add Board Part xilinx.com:vmk180_newl:part0:1.0 available at /nfs/opt/eda/tools/amd/vitis-2022.1/Vivado/2022.1/data/xhub/boards/XilinxBoardStore/boards/Xilinx/vmk180_newl/production/1.0/board.xml as part xcvm1802-vsva2197-2mp-e-s specified in board_part file is either invalid or not available
WARNING: [Board 49-26] cannot add Board Part xilinx.com:vpk120_es:part0:1.2 available at /nfs/opt/eda/tools/amd/vitis-2022.1/Vivado/2022.1/data/xhub/boards/XilinxBoardStore/boards/Xilinx/vpk120/es/1.2/board.xml as part xcvp1202-vsva2785-2mp-e-s-es1 specified in board_part file is either invalid or not available
WARNING: [Board 49-26] cannot add Board Part xilinx.com:vpk120_es_revb:part0:1.0 available at /nfs/opt/eda/tools/amd/vitis-2022.1/Vivado/2022.1/data/xhub/boards/XilinxBoardStore/boards/Xilinx/vpk120_revb/es/1.0/board.xml as part xcvp1202-vsva2785-2mp-e-s-es1 specified in board_part file is either invalid or not available
WARNING: [Board 49-26] cannot add Board Part xilinx.com:zcu111:part0:1.2 available at /nfs/opt/eda/tools/amd/vitis-2022.1/Vivado/2022.1/data/xhub/boards/XilinxBoardStore/boards/Xilinx/zcu111/1.2/board.xml as part xczu28dr-ffvg1517-2-e specified in board_part file is either invalid or not available
WARNING: [Board 49-26] cannot add Board Part xilinx.com:zcu111:part0:1.3 available at /nfs/opt/eda/tools/amd/vitis-2022.1/Vivado/2022.1/data/xhub/boards/XilinxBoardStore/boards/Xilinx/zcu111/1.3/board.xml as part xczu28dr-ffvg1517-2-e specified in board_part file is either invalid or not available
WARNING: [Board 49-26] cannot add Board Part xilinx.com:zcu111:part0:1.4 available at /nfs/opt/eda/tools/amd/vitis-2022.1/Vivado/2022.1/data/xhub/boards/XilinxBoardStore/boards/Xilinx/zcu111/1.4/board.xml as part xczu28dr-ffvg1517-2-e specified in board_part file is either invalid or not available
WARNING: [Board 49-26] cannot add Board Part xilinx.com:zcu1275:part0:1.0 available at /nfs/opt/eda/tools/amd/vitis-2022.1/Vivado/2022.1/data/xhub/boards/XilinxBoardStore/boards/Xilinx/zcu1275/1.0/board.xml as part xczu29dr-ffvf1760-2-e specified in board_part file is either invalid or not available
WARNING: [Board 49-26] cannot add Board Part xilinx.com:zcu1285:part0:1.0 available at /nfs/opt/eda/tools/amd/vitis-2022.1/Vivado/2022.1/data/xhub/boards/XilinxBoardStore/boards/Xilinx/zcu1285/1.0/board.xml as part xczu39dr-ffvf1760-2-i specified in board_part file is either invalid or not available
WARNING: [Board 49-26] cannot add Board Part xilinx.com:zcu208:part0:2.0 available at /nfs/opt/eda/tools/amd/vitis-2022.1/Vivado/2022.1/data/xhub/boards/XilinxBoardStore/boards/Xilinx/zcu208/production/2.0/board.xml as part xczu48dr-fsvg1517-2-e specified in board_part file is either invalid or not available
WARNING: [Board 49-26] cannot add Board Part xilinx.com:zcu208ld:part0:2.0 available at /nfs/opt/eda/tools/amd/vitis-2022.1/Vivado/2022.1/data/xhub/boards/XilinxBoardStore/boards/Xilinx/zcu208ld/production/2.0/board.xml as part xczu58dr-fsvg1517-2-i specified in board_part file is either invalid or not available
WARNING: [Board 49-26] cannot add Board Part xilinx.com:zcu216:part0:2.0 available at /nfs/opt/eda/tools/amd/vitis-2022.1/Vivado/2022.1/data/xhub/boards/XilinxBoardStore/boards/Xilinx/zcu216/production/2.0/board.xml as part xczu49dr-ffvf1760-2-e specified in board_part file is either invalid or not available
WARNING: [Board 49-26] cannot add Board Part xilinx.com:zcu216ld:part0:2.0 available at /nfs/opt/eda/tools/amd/vitis-2022.1/Vivado/2022.1/data/xhub/boards/XilinxBoardStore/boards/Xilinx/zcu216ld/production/2.0/board.xml as part xczu59dr-ffvf1760-2-i specified in board_part file is either invalid or not available
WARNING: [Board 49-26] cannot add Board Part xilinx.com:zcu670:part0:2.0 available at /nfs/opt/eda/tools/amd/vitis-2022.1/Vivado/2022.1/data/xhub/boards/XilinxBoardStore/boards/Xilinx/zcu670/2.0/board.xml as part xczu67dr-fsve1156-2-i specified in board_part file is either invalid or not available
WARNING: [Board 49-26] cannot add Board Part xilinx.com:zcu670ld:part0:1.0 available at /nfs/opt/eda/tools/amd/vitis-2022.1/Vivado/2022.1/data/xhub/boards/XilinxBoardStore/boards/Xilinx/zcu670ld/1.0/board.xml as part xczu57dr-fsve1156-2-i specified in board_part file is either invalid or not available
INFO: [Project 1-313] Project file moved from '/user/didouha/E4/P1/SEI_4101A/TP_CRC/TP_CRC/TP_CRC_SANS_AMELIORATION/impl/project_crc_v1' since last save.
INFO: [filemgmt 56-2] Default IP Output Path : Could not find the directory '/user/didouha/homedir/E4/P1/SEI_4101A/TP_CRC/TP_CRC/TP_CRC_SANS_AMELIORATION/impl/project_crc_v1/project_crc_v1.gen/sources_1', nor could it be found using path '/user/didouha/E4/P1/SEI_4101A/TP_CRC/TP_CRC/TP_CRC_SANS_AMELIORATION/impl/project_crc_v1/project_crc_v1.gen/sources_1'.
Scanning sources...
Finished scanning sources
INFO: [IP_Flow 19-234] Refreshing IP repositories
INFO: [IP_Flow 19-1704] No user IP repositories specified
INFO: [IP_Flow 19-2313] Loaded Vivado IP repository '/nfs/opt/eda/tools/amd/vitis-2022.1/Vivado/2022.1/data/ip'.
open_project: Time (s): cpu = 00:00:26 ; elapsed = 00:00:51 . Memory (MB): peak = 7529.199 ; gain = 46.355 ; free physical = 164 ; free virtual = 12102
update_compile_order -fileset sources_1
synth_design -rtl -rtl_skip_mlo -name rtl_1
Command: synth_design -rtl -rtl_skip_mlo -name rtl_1
Starting synth_design
Using part: xc7a35tcpg236-1
Top: crc_8
INFO: [Device 21-403] Loading part xc7a35tcpg236-1
---------------------------------------------------------------------------------
Starting RTL Elaboration : Time (s): cpu = 00:00:05 ; elapsed = 00:00:08 . Memory (MB): peak = 7612.020 ; gain = 64.812 ; free physical = 126 ; free virtual = 11415
---------------------------------------------------------------------------------
INFO: [Synth 8-638] synthesizing module 'crc_8' [/user/didouha/homedir/E4/P1/SEI_4101A/TP_CRC/TP_CRC/TP_CRC_SANS_AMELIORATION/rtl/crc_8.vhd:37]
INFO: [Synth 8-256] done synthesizing module 'crc_8' (0#1) [/user/didouha/homedir/E4/P1/SEI_4101A/TP_CRC/TP_CRC/TP_CRC_SANS_AMELIORATION/rtl/crc_8.vhd:37]
---------------------------------------------------------------------------------
Finished RTL Elaboration : Time (s): cpu = 00:00:07 ; elapsed = 00:00:11 . Memory (MB): peak = 7680.988 ; gain = 133.781 ; free physical = 295 ; free virtual = 11489
---------------------------------------------------------------------------------
---------------------------------------------------------------------------------
Start Handling Custom Attributes
---------------------------------------------------------------------------------
---------------------------------------------------------------------------------
Finished Handling Custom Attributes : Time (s): cpu = 00:00:07 ; elapsed = 00:00:12 . Memory (MB): peak = 7689.895 ; gain = 142.688 ; free physical = 293 ; free virtual = 11487
---------------------------------------------------------------------------------
---------------------------------------------------------------------------------
Finished RTL Optimization Phase 1 : Time (s): cpu = 00:00:07 ; elapsed = 00:00:12 . Memory (MB): peak = 7689.895 ; gain = 142.688 ; free physical = 293 ; free virtual = 11487
---------------------------------------------------------------------------------
Netlist sorting complete. Time (s): cpu = 00:00:00 ; elapsed = 00:00:00 . Memory (MB): peak = 7689.895 ; gain = 0.000 ; free physical = 284 ; free virtual = 11479
INFO: [Project 1-570] Preparing netlist for logic optimization

Processing XDC Constraints
Initializing timing engine
Parsing XDC File [/user/didouha/homedir/E4/P1/SEI_4101A/TP_CRC/TP_CRC/TP_CRC_SANS_AMELIORATION/impl/basys3.xdc]
Finished Parsing XDC File [/user/didouha/homedir/E4/P1/SEI_4101A/TP_CRC/TP_CRC/TP_CRC_SANS_AMELIORATION/impl/basys3.xdc]
Completed Processing XDC Constraints

Netlist sorting complete. Time (s): cpu = 00:00:00 ; elapsed = 00:00:00 . Memory (MB): peak = 7821.645 ; gain = 0.000 ; free physical = 188 ; free virtual = 11400
INFO: [Project 1-111] Unisim Transformation Summary:
No Unisim elements were transformed.

RTL Elaboration Complete:  : Time (s): cpu = 00:00:16 ; elapsed = 00:00:19 . Memory (MB): peak = 7872.191 ; gain = 324.984 ; free physical = 136 ; free virtual = 11330
5 Infos, 0 Warnings, 0 Critical Warnings and 0 Errors encountered.
synth_design completed successfully
synth_design: Time (s): cpu = 00:00:24 ; elapsed = 00:00:55 . Memory (MB): peak = 7872.191 ; gain = 326.980 ; free physical = 136 ; free virtual = 11330
open_run synth_1 -name synth_1
Design is defaulting to impl run constrset: constrs_1
Design is defaulting to synth run part: xc7a35tcpg236-1
Netlist sorting complete. Time (s): cpu = 00:00:00 ; elapsed = 00:00:00 . Memory (MB): peak = 7872.191 ; gain = 0.000 ; free physical = 137 ; free virtual = 11314
INFO: [Project 1-479] Netlist was created with Vivado 2022.1
INFO: [Project 1-570] Preparing netlist for logic optimization
Parsing XDC File [/user/didouha/homedir/E4/P1/SEI_4101A/TP_CRC/TP_CRC/TP_CRC_SANS_AMELIORATION/impl/basys3.xdc]
Finished Parsing XDC File [/user/didouha/homedir/E4/P1/SEI_4101A/TP_CRC/TP_CRC/TP_CRC_SANS_AMELIORATION/impl/basys3.xdc]
INFO: [Opt 31-138] Pushed 0 inverter(s) to 0 load pin(s).
Netlist sorting complete. Time (s): cpu = 00:00:00 ; elapsed = 00:00:00 . Memory (MB): peak = 7938.688 ; gain = 0.000 ; free physical = 135 ; free virtual = 11240
INFO: [Project 1-111] Unisim Transformation Summary:
No Unisim elements were transformed.

open_run impl_1
Netlist sorting complete. Time (s): cpu = 00:00:00 ; elapsed = 00:00:00 . Memory (MB): peak = 8389.746 ; gain = 0.000 ; free physical = 122 ; free virtual = 10828
INFO: [Project 1-479] Netlist was created with Vivado 2022.1
INFO: [Project 1-570] Preparing netlist for logic optimization
INFO: [Timing 38-478] Restoring timing data from binary archive.
INFO: [Timing 38-479] Binary timing data restore complete.
INFO: [Project 1-856] Restoring constraints from binary archive.
INFO: [Project 1-853] Binary constraint restore complete.
Reading XDEF placement.
Reading placer database...
Reading XDEF routing.
Read XDEF Files: Time (s): cpu = 00:00:00.1 ; elapsed = 00:00:00.93 . Memory (MB): peak = 8585.750 ; gain = 0.000 ; free physical = 362 ; free virtual = 10868
Restored from archive | CPU: 0.170000 secs | Memory: 0.039429 MB |
Finished XDEF File Restore: Time (s): cpu = 00:00:00.1 ; elapsed = 00:00:00.94 . Memory (MB): peak = 8585.750 ; gain = 0.000 ; free physical = 362 ; free virtual = 10868
Netlist sorting complete. Time (s): cpu = 00:00:00 ; elapsed = 00:00:00 . Memory (MB): peak = 8585.750 ; gain = 0.000 ; free physical = 370 ; free virtual = 10876
INFO: [Project 1-111] Unisim Transformation Summary:
No Unisim elements were transformed.

open_run: Time (s): cpu = 00:00:07 ; elapsed = 00:00:08 . Memory (MB): peak = 8686.348 ; gain = 308.508 ; free physical = 317 ; free virtual = 10824
