
*** Running vivado
    with args -log demo_pmod_ad1.vdi -applog -m64 -product Vivado -messageDb vivado.pb -mode batch -source demo_pmod_ad1.tcl -notrace


****** Vivado v2019.1 (64-bit)
  **** SW Build 2552052 on Fri May 24 14:47:09 MDT 2019
  **** IP Build 2548770 on Fri May 24 18:01:18 MDT 2019
    ** Copyright 1986-2019 Xilinx, Inc. All Rights Reserved.

source demo_pmod_ad1.tcl -notrace
Command: link_design -top demo_pmod_ad1 -part xc7a35tcpg236-1
Design is defaulting to srcset: sources_1
Design is defaulting to constrset: constrs_1
INFO: [Device 21-403] Loading part xc7a35tcpg236-1
INFO: [Project 1-479] Netlist was created with Vivado 2019.1
INFO: [Project 1-570] Preparing netlist for logic optimization
Parsing XDC File [/media/sf_ESIEE/enseignement/2022_2023/sei_4101a/td_tp_spi/tp_spi/pmod_ad1/impl/basys3.xdc]
Finished Parsing XDC File [/media/sf_ESIEE/enseignement/2022_2023/sei_4101a/td_tp_spi/tp_spi/pmod_ad1/impl/basys3.xdc]
INFO: [Opt 31-138] Pushed 0 inverter(s) to 0 load pin(s).
Netlist sorting complete. Time (s): cpu = 00:00:00 ; elapsed = 00:00:00 . Memory (MB): peak = 1606.051 ; gain = 0.000 ; free physical = 2460 ; free virtual = 6260
INFO: [Project 1-111] Unisim Transformation Summary:
No Unisim elements were transformed.

5 Infos, 0 Warnings, 0 Critical Warnings and 0 Errors encountered.
link_design completed successfully
link_design: Time (s): cpu = 00:00:04 ; elapsed = 00:00:05 . Memory (MB): peak = 1610.020 ; gain = 252.730 ; free physical = 2459 ; free virtual = 6259
Command: opt_design
Attempting to get a license for feature 'Implementation' and/or device 'xc7a35t'
INFO: [Common 17-349] Got license for feature 'Implementation' and/or device 'xc7a35t'
Running DRC as a precondition to command opt_design

Starting DRC Task
INFO: [DRC 23-27] Running DRC with 2 threads
INFO: [Project 1-461] DRC finished with 0 Errors
INFO: [Project 1-462] Please refer to the DRC report (report_drc) for more information.

Time (s): cpu = 00:00:01 ; elapsed = 00:00:01 . Memory (MB): peak = 1642.871 ; gain = 32.852 ; free physical = 2439 ; free virtual = 6239

Starting Cache Timing Information Task
INFO: [Timing 38-35] Done setting XDC timing constraints.
Ending Cache Timing Information Task | Checksum: 23ee188e1

Time (s): cpu = 00:00:06 ; elapsed = 00:00:07 . Memory (MB): peak = 2096.699 ; gain = 453.828 ; free physical = 2035 ; free virtual = 5835

Starting Logic Optimization Task

Phase 1 Retarget
INFO: [Opt 31-138] Pushed 0 inverter(s) to 0 load pin(s).
INFO: [Opt 31-49] Retargeted 0 cell(s).
Phase 1 Retarget | Checksum: 23ee188e1

Time (s): cpu = 00:00:00.01 ; elapsed = 00:00:00.01 . Memory (MB): peak = 2212.637 ; gain = 0.000 ; free physical = 1933 ; free virtual = 5733
INFO: [Opt 31-389] Phase Retarget created 0 cells and removed 0 cells

Phase 2 Constant propagation
INFO: [Opt 31-138] Pushed 0 inverter(s) to 0 load pin(s).
Phase 2 Constant propagation | Checksum: 23ee188e1

Time (s): cpu = 00:00:00.01 ; elapsed = 00:00:00.02 . Memory (MB): peak = 2212.637 ; gain = 0.000 ; free physical = 1933 ; free virtual = 5733
INFO: [Opt 31-389] Phase Constant propagation created 0 cells and removed 0 cells

Phase 3 Sweep
Phase 3 Sweep | Checksum: 23ee188e1

Time (s): cpu = 00:00:00.01 ; elapsed = 00:00:00.02 . Memory (MB): peak = 2212.637 ; gain = 0.000 ; free physical = 1933 ; free virtual = 5733
INFO: [Opt 31-389] Phase Sweep created 0 cells and removed 0 cells

Phase 4 BUFG optimization
Phase 4 BUFG optimization | Checksum: 23ee188e1

Time (s): cpu = 00:00:00.01 ; elapsed = 00:00:00.03 . Memory (MB): peak = 2212.637 ; gain = 0.000 ; free physical = 1933 ; free virtual = 5733
INFO: [Opt 31-662] Phase BUFG optimization created 0 cells of which 0 are BUFGs and removed 0 cells.

Phase 5 Shift Register Optimization
INFO: [Opt 31-1064] SRL Remap converted 0 SRLs to 0 registers and converted 0 registers of register chains to 0 SRLs
Phase 5 Shift Register Optimization | Checksum: 23ee188e1

Time (s): cpu = 00:00:00.01 ; elapsed = 00:00:00.03 . Memory (MB): peak = 2212.637 ; gain = 0.000 ; free physical = 1933 ; free virtual = 5733
INFO: [Opt 31-389] Phase Shift Register Optimization created 0 cells and removed 0 cells

Phase 6 Post Processing Netlist
Phase 6 Post Processing Netlist | Checksum: 23ee188e1

Time (s): cpu = 00:00:00.01 ; elapsed = 00:00:00.03 . Memory (MB): peak = 2212.637 ; gain = 0.000 ; free physical = 1933 ; free virtual = 5733
INFO: [Opt 31-389] Phase Post Processing Netlist created 0 cells and removed 0 cells
Opt_design Change Summary
=========================


-------------------------------------------------------------------------------------------------------------------------
|  Phase                        |  #Cells created  |  #Cells Removed  |  #Constrained objects preventing optimizations  |
-------------------------------------------------------------------------------------------------------------------------
|  Retarget                     |               0  |               0  |                                              0  |
|  Constant propagation         |               0  |               0  |                                              0  |
|  Sweep                        |               0  |               0  |                                              0  |
|  BUFG optimization            |               0  |               0  |                                              0  |
|  Shift Register Optimization  |               0  |               0  |                                              0  |
|  Post Processing Netlist      |               0  |               0  |                                              0  |
-------------------------------------------------------------------------------------------------------------------------



Starting Connectivity Check Task

Time (s): cpu = 00:00:00 ; elapsed = 00:00:00 . Memory (MB): peak = 2212.637 ; gain = 0.000 ; free physical = 1933 ; free virtual = 5733
Ending Logic Optimization Task | Checksum: 23ee188e1

Time (s): cpu = 00:00:00.02 ; elapsed = 00:00:00.03 . Memory (MB): peak = 2212.637 ; gain = 0.000 ; free physical = 1933 ; free virtual = 5733

Starting Power Optimization Task
INFO: [Pwropt 34-132] Skipping clock gating for clocks with a period < 2.00 ns.
Ending Power Optimization Task | Checksum: 23ee188e1

Time (s): cpu = 00:00:00.01 ; elapsed = 00:00:00.01 . Memory (MB): peak = 2212.637 ; gain = 0.000 ; free physical = 1933 ; free virtual = 5733

Starting Final Cleanup Task
Ending Final Cleanup Task | Checksum: 23ee188e1

Time (s): cpu = 00:00:00 ; elapsed = 00:00:00 . Memory (MB): peak = 2212.637 ; gain = 0.000 ; free physical = 1933 ; free virtual = 5733

Starting Netlist Obfuscation Task
Netlist sorting complete. Time (s): cpu = 00:00:00 ; elapsed = 00:00:00 . Memory (MB): peak = 2212.637 ; gain = 0.000 ; free physical = 1933 ; free virtual = 5733
Ending Netlist Obfuscation Task | Checksum: 23ee188e1

Time (s): cpu = 00:00:00 ; elapsed = 00:00:00 . Memory (MB): peak = 2212.637 ; gain = 0.000 ; free physical = 1933 ; free virtual = 5733
INFO: [Common 17-83] Releasing license: Implementation
22 Infos, 0 Warnings, 0 Critical Warnings and 0 Errors encountered.
opt_design completed successfully
opt_design: Time (s): cpu = 00:00:09 ; elapsed = 00:00:10 . Memory (MB): peak = 2212.637 ; gain = 602.617 ; free physical = 1933 ; free virtual = 5733
Netlist sorting complete. Time (s): cpu = 00:00:00 ; elapsed = 00:00:00 . Memory (MB): peak = 2212.637 ; gain = 0.000 ; free physical = 1933 ; free virtual = 5733
INFO: [Timing 38-480] Writing timing data to binary archive.
Writing placer database...
Writing XDEF routing.
Writing XDEF routing logical nets.
Writing XDEF routing special nets.
Write XDEF Complete: Time (s): cpu = 00:00:00.06 ; elapsed = 00:00:00.04 . Memory (MB): peak = 2244.652 ; gain = 0.000 ; free physical = 1930 ; free virtual = 5730
INFO: [Common 17-1381] The checkpoint '/media/sf_ESIEE/enseignement/2022_2023/sei_4101a/td_tp_spi/tp_spi/pmod_ad1/impl/demo_basys3/demo_basys3.runs/impl_1/demo_pmod_ad1_opt.dcp' has been generated.
INFO: [runtcl-4] Executing : report_drc -file demo_pmod_ad1_drc_opted.rpt -pb demo_pmod_ad1_drc_opted.pb -rpx demo_pmod_ad1_drc_opted.rpx
Command: report_drc -file demo_pmod_ad1_drc_opted.rpt -pb demo_pmod_ad1_drc_opted.pb -rpx demo_pmod_ad1_drc_opted.rpx
INFO: [IP_Flow 19-234] Refreshing IP repositories
INFO: [IP_Flow 19-1704] No user IP repositories specified
INFO: [IP_Flow 19-2313] Loaded Vivado IP repository '/opt/xilinx-2019.1/Vivado/2019.1/data/ip'.
INFO: [DRC 23-27] Running DRC with 2 threads
INFO: [Coretcl 2-168] The results of DRC are in file /media/sf_ESIEE/enseignement/2022_2023/sei_4101a/td_tp_spi/tp_spi/pmod_ad1/impl/demo_basys3/demo_basys3.runs/impl_1/demo_pmod_ad1_drc_opted.rpt.
report_drc completed successfully
Command: place_design
Attempting to get a license for feature 'Implementation' and/or device 'xc7a35t'
INFO: [Common 17-349] Got license for feature 'Implementation' and/or device 'xc7a35t'
INFO: [DRC 23-27] Running DRC with 2 threads
INFO: [Vivado_Tcl 4-198] DRC finished with 0 Errors
INFO: [Vivado_Tcl 4-199] Please refer to the DRC report (report_drc) for more information.
Running DRC as a precondition to command place_design
INFO: [DRC 23-27] Running DRC with 2 threads
INFO: [Vivado_Tcl 4-198] DRC finished with 0 Errors
INFO: [Vivado_Tcl 4-199] Please refer to the DRC report (report_drc) for more information.

Starting Placer Task
INFO: [Place 30-611] Multithreading enabled for place_design using a maximum of 2 CPUs

Phase 1 Placer Initialization

Phase 1.1 Placer Initialization Netlist Sorting
Netlist sorting complete. Time (s): cpu = 00:00:00 ; elapsed = 00:00:00 . Memory (MB): peak = 2284.672 ; gain = 0.000 ; free physical = 1933 ; free virtual = 5733
Phase 1.1 Placer Initialization Netlist Sorting | Checksum: 1967b863e

Time (s): cpu = 00:00:00.01 ; elapsed = 00:00:00.01 . Memory (MB): peak = 2284.672 ; gain = 0.000 ; free physical = 1933 ; free virtual = 5733
Netlist sorting complete. Time (s): cpu = 00:00:00 ; elapsed = 00:00:00 . Memory (MB): peak = 2284.672 ; gain = 0.000 ; free physical = 1933 ; free virtual = 5733

Phase 1.2 IO Placement/ Clock Placement/ Build Placer Device
INFO: [Timing 38-35] Done setting XDC timing constraints.
Phase 1.2 IO Placement/ Clock Placement/ Build Placer Device | Checksum: 8dd6d77c

Time (s): cpu = 00:00:00.40 ; elapsed = 00:00:00.32 . Memory (MB): peak = 2284.672 ; gain = 0.000 ; free physical = 1917 ; free virtual = 5717

Phase 1.3 Build Placer Netlist Model
Phase 1.3 Build Placer Netlist Model | Checksum: 8ef7f413

Time (s): cpu = 00:00:00.44 ; elapsed = 00:00:00.37 . Memory (MB): peak = 2284.672 ; gain = 0.000 ; free physical = 1931 ; free virtual = 5731

Phase 1.4 Constrain Clocks/Macros
Phase 1.4 Constrain Clocks/Macros | Checksum: 8ef7f413

Time (s): cpu = 00:00:00.44 ; elapsed = 00:00:00.38 . Memory (MB): peak = 2284.672 ; gain = 0.000 ; free physical = 1931 ; free virtual = 5731
Phase 1 Placer Initialization | Checksum: 8ef7f413

Time (s): cpu = 00:00:00.44 ; elapsed = 00:00:00.38 . Memory (MB): peak = 2284.672 ; gain = 0.000 ; free physical = 1931 ; free virtual = 5731

Phase 2 Global Placement

Phase 2.1 Floorplanning
Phase 2.1 Floorplanning | Checksum: 9efb66a6

Time (s): cpu = 00:00:00.46 ; elapsed = 00:00:00.39 . Memory (MB): peak = 2284.672 ; gain = 0.000 ; free physical = 1931 ; free virtual = 5731

Phase 2.2 Global Placement Core

Phase 2.2.1 Physical Synthesis In Placer
INFO: [Physopt 32-65] No nets found for high-fanout optimization.
INFO: [Physopt 32-232] Optimized 0 net. Created 0 new instance.
INFO: [Physopt 32-775] End 1 Pass. Optimized 0 net or cell. Created 0 new cell, deleted 0 existing cell and moved 0 existing cell
INFO: [Physopt 32-670] No setup violation found.  DSP Register Optimization was not performed.
INFO: [Physopt 32-670] No setup violation found.  Shift Register Optimization was not performed.
INFO: [Physopt 32-670] No setup violation found.  BRAM Register Optimization was not performed.
INFO: [Physopt 32-949] No candidate nets found for HD net replication
INFO: [Physopt 32-775] End 1 Pass. Optimized 0 net or cell. Created 0 new cell, deleted 0 existing cell and moved 0 existing cell
Netlist sorting complete. Time (s): cpu = 00:00:00 ; elapsed = 00:00:00 . Memory (MB): peak = 2284.672 ; gain = 0.000 ; free physical = 1925 ; free virtual = 5725

Summary of Physical Synthesis Optimizations
============================================


----------------------------------------------------------------------------------------------------------------------------------------
|  Optimization                  |  Added Cells  |  Removed Cells  |  Optimized Cells/Nets  |  Dont Touch  |  Iterations  |  Elapsed   |
----------------------------------------------------------------------------------------------------------------------------------------
|  Very High Fanout              |            0  |              0  |                     0  |           0  |           1  |  00:00:00  |
|  DSP Register                  |            0  |              0  |                     0  |           0  |           0  |  00:00:00  |
|  Shift Register                |            0  |              0  |                     0  |           0  |           0  |  00:00:00  |
|  BRAM Register                 |            0  |              0  |                     0  |           0  |           0  |  00:00:00  |
|  HD Interface Net Replication  |            0  |              0  |                     0  |           0  |           1  |  00:00:00  |
|  Total                         |            0  |              0  |                     0  |           0  |           2  |  00:00:00  |
----------------------------------------------------------------------------------------------------------------------------------------


Phase 2.2.1 Physical Synthesis In Placer | Checksum: 11c7636ba

Time (s): cpu = 00:00:00.75 ; elapsed = 00:00:00.72 . Memory (MB): peak = 2284.672 ; gain = 0.000 ; free physical = 1925 ; free virtual = 5725
Phase 2.2 Global Placement Core | Checksum: e4fefc99

Time (s): cpu = 00:00:00.78 ; elapsed = 00:00:00.74 . Memory (MB): peak = 2284.672 ; gain = 0.000 ; free physical = 1925 ; free virtual = 5725
Phase 2 Global Placement | Checksum: e4fefc99

Time (s): cpu = 00:00:00.79 ; elapsed = 00:00:00.74 . Memory (MB): peak = 2284.672 ; gain = 0.000 ; free physical = 1925 ; free virtual = 5725

Phase 3 Detail Placement

Phase 3.1 Commit Multi Column Macros
Phase 3.1 Commit Multi Column Macros | Checksum: c590c7e5

Time (s): cpu = 00:00:00.79 ; elapsed = 00:00:00.75 . Memory (MB): peak = 2284.672 ; gain = 0.000 ; free physical = 1925 ; free virtual = 5725

Phase 3.2 Commit Most Macros & LUTRAMs
Phase 3.2 Commit Most Macros & LUTRAMs | Checksum: 17f207516

Time (s): cpu = 00:00:00.81 ; elapsed = 00:00:00.77 . Memory (MB): peak = 2284.672 ; gain = 0.000 ; free physical = 1925 ; free virtual = 5725

Phase 3.3 Area Swap Optimization
Phase 3.3 Area Swap Optimization | Checksum: a23a211f

Time (s): cpu = 00:00:00.82 ; elapsed = 00:00:00.78 . Memory (MB): peak = 2284.672 ; gain = 0.000 ; free physical = 1925 ; free virtual = 5725

Phase 3.4 Pipeline Register Optimization
Phase 3.4 Pipeline Register Optimization | Checksum: 10b476726

Time (s): cpu = 00:00:00.82 ; elapsed = 00:00:00.78 . Memory (MB): peak = 2284.672 ; gain = 0.000 ; free physical = 1925 ; free virtual = 5725

Phase 3.5 Small Shape Detail Placement
Phase 3.5 Small Shape Detail Placement | Checksum: 9966c076

Time (s): cpu = 00:00:00.92 ; elapsed = 00:00:00.88 . Memory (MB): peak = 2284.672 ; gain = 0.000 ; free physical = 1924 ; free virtual = 5724

Phase 3.6 Re-assign LUT pins
Phase 3.6 Re-assign LUT pins | Checksum: 9fab9a34

Time (s): cpu = 00:00:00.92 ; elapsed = 00:00:00.89 . Memory (MB): peak = 2284.672 ; gain = 0.000 ; free physical = 1924 ; free virtual = 5724

Phase 3.7 Pipeline Register Optimization
Phase 3.7 Pipeline Register Optimization | Checksum: f898d83b

Time (s): cpu = 00:00:00.92 ; elapsed = 00:00:00.89 . Memory (MB): peak = 2284.672 ; gain = 0.000 ; free physical = 1924 ; free virtual = 5724
Phase 3 Detail Placement | Checksum: f898d83b

Time (s): cpu = 00:00:00.92 ; elapsed = 00:00:00.89 . Memory (MB): peak = 2284.672 ; gain = 0.000 ; free physical = 1924 ; free virtual = 5724

Phase 4 Post Placement Optimization and Clean-Up

Phase 4.1 Post Commit Optimization
INFO: [Timing 38-35] Done setting XDC timing constraints.

Phase 4.1.1 Post Placement Optimization
Post Placement Optimization Initialization | Checksum: ff8ccf2f

Phase 4.1.1.1 BUFG Insertion
INFO: [Place 46-56] BUFG insertion identified 0 candidate nets. Inserted BUFG: 0, Replicated BUFG Driver: 0, Skipped due to Placement/Routing Conflicts: 0, Skipped due to Timing Degradation: 0, Skipped due to Illegal Netlist: 0.
Phase 4.1.1.1 BUFG Insertion | Checksum: ff8ccf2f

Time (s): cpu = 00:00:00.98 ; elapsed = 00:00:00.95 . Memory (MB): peak = 2284.672 ; gain = 0.000 ; free physical = 1924 ; free virtual = 5724
INFO: [Place 30-746] Post Placement Timing Summary WNS=6.430. For the most accurate timing information please run report_timing.
Phase 4.1.1 Post Placement Optimization | Checksum: 13a6f05bc

Time (s): cpu = 00:00:00.98 ; elapsed = 00:00:00.95 . Memory (MB): peak = 2284.672 ; gain = 0.000 ; free physical = 1924 ; free virtual = 5724
Phase 4.1 Post Commit Optimization | Checksum: 13a6f05bc

Time (s): cpu = 00:00:00.98 ; elapsed = 00:00:00.95 . Memory (MB): peak = 2284.672 ; gain = 0.000 ; free physical = 1924 ; free virtual = 5724

Phase 4.2 Post Placement Cleanup
Phase 4.2 Post Placement Cleanup | Checksum: 13a6f05bc

Time (s): cpu = 00:00:00.99 ; elapsed = 00:00:00.96 . Memory (MB): peak = 2284.672 ; gain = 0.000 ; free physical = 1924 ; free virtual = 5724

Phase 4.3 Placer Reporting
Phase 4.3 Placer Reporting | Checksum: 13a6f05bc

Time (s): cpu = 00:00:00.99 ; elapsed = 00:00:00.96 . Memory (MB): peak = 2284.672 ; gain = 0.000 ; free physical = 1924 ; free virtual = 5724

Phase 4.4 Final Placement Cleanup
Netlist sorting complete. Time (s): cpu = 00:00:00 ; elapsed = 00:00:00 . Memory (MB): peak = 2284.672 ; gain = 0.000 ; free physical = 1924 ; free virtual = 5724
Phase 4.4 Final Placement Cleanup | Checksum: 1abedf47b

Time (s): cpu = 00:00:00.99 ; elapsed = 00:00:00.96 . Memory (MB): peak = 2284.672 ; gain = 0.000 ; free physical = 1924 ; free virtual = 5724
Phase 4 Post Placement Optimization and Clean-Up | Checksum: 1abedf47b

Time (s): cpu = 00:00:00.99 ; elapsed = 00:00:00.97 . Memory (MB): peak = 2284.672 ; gain = 0.000 ; free physical = 1924 ; free virtual = 5724
Ending Placer Task | Checksum: 11923a122

Time (s): cpu = 00:00:01 ; elapsed = 00:00:00.97 . Memory (MB): peak = 2284.672 ; gain = 0.000 ; free physical = 1924 ; free virtual = 5724
INFO: [Common 17-83] Releasing license: Implementation
51 Infos, 0 Warnings, 0 Critical Warnings and 0 Errors encountered.
place_design completed successfully
Netlist sorting complete. Time (s): cpu = 00:00:00 ; elapsed = 00:00:00 . Memory (MB): peak = 2284.672 ; gain = 0.000 ; free physical = 1927 ; free virtual = 5727
INFO: [Timing 38-480] Writing timing data to binary archive.
Writing placer database...
Writing XDEF routing.
Writing XDEF routing logical nets.
Writing XDEF routing special nets.
Write XDEF Complete: Time (s): cpu = 00:00:00.11 ; elapsed = 00:00:00.06 . Memory (MB): peak = 2284.672 ; gain = 0.000 ; free physical = 1926 ; free virtual = 5726
INFO: [Common 17-1381] The checkpoint '/media/sf_ESIEE/enseignement/2022_2023/sei_4101a/td_tp_spi/tp_spi/pmod_ad1/impl/demo_basys3/demo_basys3.runs/impl_1/demo_pmod_ad1_placed.dcp' has been generated.
INFO: [runtcl-4] Executing : report_io -file demo_pmod_ad1_io_placed.rpt
report_io: Time (s): cpu = 00:00:00.06 ; elapsed = 00:00:00.09 . Memory (MB): peak = 2284.672 ; gain = 0.000 ; free physical = 1923 ; free virtual = 5723
INFO: [runtcl-4] Executing : report_utilization -file demo_pmod_ad1_utilization_placed.rpt -pb demo_pmod_ad1_utilization_placed.pb
INFO: [runtcl-4] Executing : report_control_sets -verbose -file demo_pmod_ad1_control_sets_placed.rpt
report_control_sets: Time (s): cpu = 00:00:00.03 ; elapsed = 00:00:00.04 . Memory (MB): peak = 2284.672 ; gain = 0.000 ; free physical = 1927 ; free virtual = 5727
Command: route_design
Attempting to get a license for feature 'Implementation' and/or device 'xc7a35t'
INFO: [Common 17-349] Got license for feature 'Implementation' and/or device 'xc7a35t'
Running DRC as a precondition to command route_design
INFO: [DRC 23-27] Running DRC with 2 threads
INFO: [Vivado_Tcl 4-198] DRC finished with 0 Errors
INFO: [Vivado_Tcl 4-199] Please refer to the DRC report (report_drc) for more information.


Starting Routing Task
INFO: [Route 35-254] Multithreading enabled for route_design using a maximum of 2 CPUs
Checksum: PlaceDB: 30e5664f ConstDB: 0 ShapeSum: e83e3ad3 RouteDB: 0

Phase 1 Build RT Design
Phase 1 Build RT Design | Checksum: 172496104

Time (s): cpu = 00:00:14 ; elapsed = 00:00:13 . Memory (MB): peak = 2333.207 ; gain = 48.535 ; free physical = 1817 ; free virtual = 5617
Post Restoration Checksum: NetGraph: c823becf NumContArr: aa25a235 Constraints: 0 Timing: 0

Phase 2 Router Initialization

Phase 2.1 Create Timer
Phase 2.1 Create Timer | Checksum: 172496104

Time (s): cpu = 00:00:14 ; elapsed = 00:00:13 . Memory (MB): peak = 2357.203 ; gain = 72.531 ; free physical = 1787 ; free virtual = 5587

Phase 2.2 Fix Topology Constraints
Phase 2.2 Fix Topology Constraints | Checksum: 172496104

Time (s): cpu = 00:00:14 ; elapsed = 00:00:13 . Memory (MB): peak = 2364.203 ; gain = 79.531 ; free physical = 1779 ; free virtual = 5579

Phase 2.3 Pre Route Cleanup
Phase 2.3 Pre Route Cleanup | Checksum: 172496104

Time (s): cpu = 00:00:14 ; elapsed = 00:00:13 . Memory (MB): peak = 2364.203 ; gain = 79.531 ; free physical = 1779 ; free virtual = 5579
 Number of Nodes with overlaps = 0

Phase 2.4 Update Timing
Phase 2.4 Update Timing | Checksum: 14c753590

Time (s): cpu = 00:00:14 ; elapsed = 00:00:13 . Memory (MB): peak = 2372.203 ; gain = 87.531 ; free physical = 1771 ; free virtual = 5571
INFO: [Route 35-416] Intermediate Timing Summary | WNS=6.415  | TNS=0.000  | WHS=-0.098 | THS=-1.780 |

Phase 2 Router Initialization | Checksum: d7baac38

Time (s): cpu = 00:00:14 ; elapsed = 00:00:13 . Memory (MB): peak = 2372.203 ; gain = 87.531 ; free physical = 1771 ; free virtual = 5571

Router Utilization Summary
  Global Vertical Routing Utilization    = 0 %
  Global Horizontal Routing Utilization  = 0 %
  Routable Net Status*
  *Does not include unroutable nets such as driverless and loadless.
  Run report_route_status for detailed report.
  Number of Failed Nets               = 100
    (Failed Nets is the sum of unrouted and partially routed nets)
  Number of Unrouted Nets             = 100
  Number of Partially Routed Nets     = 0
  Number of Node Overlaps             = 0


Phase 3 Initial Routing
Phase 3 Initial Routing | Checksum: 215dd2850

Time (s): cpu = 00:00:14 ; elapsed = 00:00:13 . Memory (MB): peak = 2374.207 ; gain = 89.535 ; free physical = 1772 ; free virtual = 5572

Phase 4 Rip-up And Reroute

Phase 4.1 Global Iteration 0
 Number of Nodes with overlaps = 5
 Number of Nodes with overlaps = 0
INFO: [Route 35-416] Intermediate Timing Summary | WNS=6.108  | TNS=0.000  | WHS=N/A    | THS=N/A    |

Phase 4.1 Global Iteration 0 | Checksum: 26dc95433

Time (s): cpu = 00:00:14 ; elapsed = 00:00:13 . Memory (MB): peak = 2374.207 ; gain = 89.535 ; free physical = 1773 ; free virtual = 5573
Phase 4 Rip-up And Reroute | Checksum: 26dc95433

Time (s): cpu = 00:00:14 ; elapsed = 00:00:13 . Memory (MB): peak = 2374.207 ; gain = 89.535 ; free physical = 1773 ; free virtual = 5573

Phase 5 Delay and Skew Optimization

Phase 5.1 Delay CleanUp
Phase 5.1 Delay CleanUp | Checksum: 26dc95433

Time (s): cpu = 00:00:14 ; elapsed = 00:00:13 . Memory (MB): peak = 2374.207 ; gain = 89.535 ; free physical = 1773 ; free virtual = 5573

Phase 5.2 Clock Skew Optimization
Phase 5.2 Clock Skew Optimization | Checksum: 26dc95433

Time (s): cpu = 00:00:14 ; elapsed = 00:00:13 . Memory (MB): peak = 2374.207 ; gain = 89.535 ; free physical = 1773 ; free virtual = 5573
Phase 5 Delay and Skew Optimization | Checksum: 26dc95433

Time (s): cpu = 00:00:14 ; elapsed = 00:00:13 . Memory (MB): peak = 2374.207 ; gain = 89.535 ; free physical = 1773 ; free virtual = 5573

Phase 6 Post Hold Fix

Phase 6.1 Hold Fix Iter

Phase 6.1.1 Update Timing
Phase 6.1.1 Update Timing | Checksum: 258901d24

Time (s): cpu = 00:00:15 ; elapsed = 00:00:13 . Memory (MB): peak = 2374.207 ; gain = 89.535 ; free physical = 1773 ; free virtual = 5573
INFO: [Route 35-416] Intermediate Timing Summary | WNS=6.188  | TNS=0.000  | WHS=0.162  | THS=0.000  |

Phase 6.1 Hold Fix Iter | Checksum: 258901d24

Time (s): cpu = 00:00:15 ; elapsed = 00:00:13 . Memory (MB): peak = 2374.207 ; gain = 89.535 ; free physical = 1773 ; free virtual = 5573
Phase 6 Post Hold Fix | Checksum: 258901d24

Time (s): cpu = 00:00:15 ; elapsed = 00:00:13 . Memory (MB): peak = 2374.207 ; gain = 89.535 ; free physical = 1773 ; free virtual = 5573

Phase 7 Route finalize

Router Utilization Summary
  Global Vertical Routing Utilization    = 0.110261 %
  Global Horizontal Routing Utilization  = 0.0808173 %
  Routable Net Status*
  *Does not include unroutable nets such as driverless and loadless.
  Run report_route_status for detailed report.
  Number of Failed Nets               = 0
    (Failed Nets is the sum of unrouted and partially routed nets)
  Number of Unrouted Nets             = 0
  Number of Partially Routed Nets     = 0
  Number of Node Overlaps             = 0

Phase 7 Route finalize | Checksum: 259947f12

Time (s): cpu = 00:00:15 ; elapsed = 00:00:13 . Memory (MB): peak = 2374.207 ; gain = 89.535 ; free physical = 1773 ; free virtual = 5573

Phase 8 Verifying routed nets

 Verification completed successfully
Phase 8 Verifying routed nets | Checksum: 259947f12

Time (s): cpu = 00:00:15 ; elapsed = 00:00:13 . Memory (MB): peak = 2374.207 ; gain = 89.535 ; free physical = 1772 ; free virtual = 5572

Phase 9 Depositing Routes
Phase 9 Depositing Routes | Checksum: 20994eb6f

Time (s): cpu = 00:00:15 ; elapsed = 00:00:13 . Memory (MB): peak = 2374.207 ; gain = 89.535 ; free physical = 1772 ; free virtual = 5572

Phase 10 Post Router Timing
INFO: [Route 35-57] Estimated Timing Summary | WNS=6.188  | TNS=0.000  | WHS=0.162  | THS=0.000  |

INFO: [Route 35-327] The final timing numbers are based on the router estimated timing analysis. For a complete and accurate timing signoff, please run report_timing_summary.
Phase 10 Post Router Timing | Checksum: 20994eb6f

Time (s): cpu = 00:00:15 ; elapsed = 00:00:13 . Memory (MB): peak = 2374.207 ; gain = 89.535 ; free physical = 1772 ; free virtual = 5572
INFO: [Route 35-16] Router Completed Successfully

Time (s): cpu = 00:00:15 ; elapsed = 00:00:13 . Memory (MB): peak = 2374.207 ; gain = 89.535 ; free physical = 1781 ; free virtual = 5582

Routing Is Done.
INFO: [Common 17-83] Releasing license: Implementation
68 Infos, 0 Warnings, 0 Critical Warnings and 0 Errors encountered.
route_design completed successfully
route_design: Time (s): cpu = 00:00:16 ; elapsed = 00:00:15 . Memory (MB): peak = 2374.207 ; gain = 89.535 ; free physical = 1781 ; free virtual = 5582
INFO: [Common 17-600] The following parameters have non-default value.
general.maxThreads
Netlist sorting complete. Time (s): cpu = 00:00:00 ; elapsed = 00:00:00 . Memory (MB): peak = 2374.207 ; gain = 0.000 ; free physical = 1781 ; free virtual = 5582
INFO: [Timing 38-480] Writing timing data to binary archive.
Writing placer database...
Writing XDEF routing.
Writing XDEF routing logical nets.
Writing XDEF routing special nets.
Write XDEF Complete: Time (s): cpu = 00:00:00.11 ; elapsed = 00:00:00.07 . Memory (MB): peak = 2383.113 ; gain = 8.906 ; free physical = 1779 ; free virtual = 5579
INFO: [Common 17-1381] The checkpoint '/media/sf_ESIEE/enseignement/2022_2023/sei_4101a/td_tp_spi/tp_spi/pmod_ad1/impl/demo_basys3/demo_basys3.runs/impl_1/demo_pmod_ad1_routed.dcp' has been generated.
INFO: [runtcl-4] Executing : report_drc -file demo_pmod_ad1_drc_routed.rpt -pb demo_pmod_ad1_drc_routed.pb -rpx demo_pmod_ad1_drc_routed.rpx
Command: report_drc -file demo_pmod_ad1_drc_routed.rpt -pb demo_pmod_ad1_drc_routed.pb -rpx demo_pmod_ad1_drc_routed.rpx
INFO: [IP_Flow 19-1839] IP Catalog is up to date.
INFO: [DRC 23-27] Running DRC with 2 threads
INFO: [Coretcl 2-168] The results of DRC are in file /media/sf_ESIEE/enseignement/2022_2023/sei_4101a/td_tp_spi/tp_spi/pmod_ad1/impl/demo_basys3/demo_basys3.runs/impl_1/demo_pmod_ad1_drc_routed.rpt.
report_drc completed successfully
INFO: [runtcl-4] Executing : report_methodology -file demo_pmod_ad1_methodology_drc_routed.rpt -pb demo_pmod_ad1_methodology_drc_routed.pb -rpx demo_pmod_ad1_methodology_drc_routed.rpx
Command: report_methodology -file demo_pmod_ad1_methodology_drc_routed.rpt -pb demo_pmod_ad1_methodology_drc_routed.pb -rpx demo_pmod_ad1_methodology_drc_routed.rpx
INFO: [Timing 38-35] Done setting XDC timing constraints.
INFO: [DRC 23-133] Running Methodology with 2 threads
INFO: [Coretcl 2-1520] The results of Report Methodology are in file /media/sf_ESIEE/enseignement/2022_2023/sei_4101a/td_tp_spi/tp_spi/pmod_ad1/impl/demo_basys3/demo_basys3.runs/impl_1/demo_pmod_ad1_methodology_drc_routed.rpt.
report_methodology completed successfully
INFO: [runtcl-4] Executing : report_power -file demo_pmod_ad1_power_routed.rpt -pb demo_pmod_ad1_power_summary_routed.pb -rpx demo_pmod_ad1_power_routed.rpx
Command: report_power -file demo_pmod_ad1_power_routed.rpt -pb demo_pmod_ad1_power_summary_routed.pb -rpx demo_pmod_ad1_power_routed.rpx
INFO: [Timing 38-35] Done setting XDC timing constraints.
Running Vector-less Activity Propagation...

Finished Running Vector-less Activity Propagation
81 Infos, 0 Warnings, 0 Critical Warnings and 0 Errors encountered.
report_power completed successfully
INFO: [runtcl-4] Executing : report_route_status -file demo_pmod_ad1_route_status.rpt -pb demo_pmod_ad1_route_status.pb
INFO: [runtcl-4] Executing : report_timing_summary -max_paths 10 -file demo_pmod_ad1_timing_summary_routed.rpt -pb demo_pmod_ad1_timing_summary_routed.pb -rpx demo_pmod_ad1_timing_summary_routed.rpx -warn_on_violation 
INFO: [Timing 38-91] UpdateTimingParams: Speed grade: -1, Delay Type: min_max.
INFO: [Timing 38-191] Multithreading enabled for timing update using a maximum of 2 CPUs
INFO: [runtcl-4] Executing : report_incremental_reuse -file demo_pmod_ad1_incremental_reuse_routed.rpt
INFO: [Vivado_Tcl 4-1062] Incremental flow is disabled. No incremental reuse Info to report.
INFO: [runtcl-4] Executing : report_clock_utilization -file demo_pmod_ad1_clock_utilization_routed.rpt
INFO: [runtcl-4] Executing : report_bus_skew -warn_on_violation -file demo_pmod_ad1_bus_skew_routed.rpt -pb demo_pmod_ad1_bus_skew_routed.pb -rpx demo_pmod_ad1_bus_skew_routed.rpx
INFO: [Timing 38-91] UpdateTimingParams: Speed grade: -1, Delay Type: min_max.
INFO: [Timing 38-191] Multithreading enabled for timing update using a maximum of 2 CPUs
Command: write_bitstream -force demo_pmod_ad1.bit
Attempting to get a license for feature 'Implementation' and/or device 'xc7a35t'
INFO: [Common 17-349] Got license for feature 'Implementation' and/or device 'xc7a35t'
Running DRC as a precondition to command write_bitstream
INFO: [IP_Flow 19-1839] IP Catalog is up to date.
INFO: [DRC 23-27] Running DRC with 2 threads
INFO: [Vivado 12-3199] DRC finished with 0 Errors
INFO: [Vivado 12-3200] Please refer to the DRC report (report_drc) for more information.
INFO: [Designutils 20-2272] Running write_bitstream with 2 threads.
Loading data files...
Loading site data...
Loading route data...
Processing options...
Creating bitmap...
Creating bitstream...
Writing bitstream ./demo_pmod_ad1.bit...
INFO: [Vivado 12-1842] Bitgen Completed Successfully.
INFO: [Project 1-120] WebTalk data collection is mandatory when using a WebPACK part without a full Vivado license. To see the specific WebTalk data collected for your design, open the usage_statistics_webtalk.html or usage_statistics_webtalk.xml file in the implementation directory.
INFO: [Common 17-186] '/media/sf_ESIEE/enseignement/2022_2023/sei_4101a/td_tp_spi/tp_spi/pmod_ad1/impl/demo_basys3/demo_basys3.runs/impl_1/usage_statistics_webtalk.xml' has been successfully sent to Xilinx on Wed Aug 17 12:57:30 2022. For additional details about this file, please refer to the WebTalk help file at /opt/xilinx-2019.1/Vivado/2019.1/doc/webtalk_introduction.html.
INFO: [Common 17-83] Releasing license: Implementation
101 Infos, 0 Warnings, 0 Critical Warnings and 0 Errors encountered.
write_bitstream completed successfully
write_bitstream: Time (s): cpu = 00:00:11 ; elapsed = 00:00:23 . Memory (MB): peak = 2729.129 ; gain = 324.203 ; free physical = 1746 ; free virtual = 5546
INFO: [Common 17-206] Exiting Vivado at Wed Aug 17 12:57:30 2022...
