#-----------------------------------------------------------
# Vivado v2022.1 (64-bit)
# SW Build 3526262 on Mon Apr 18 15:47:01 MDT 2022
# IP Build 3524634 on Mon Apr 18 20:55:01 MDT 2022
# Start of session at: Fri Nov  3 13:58:05 2023
# Process ID: 18010
# Current directory: /user/didouha/E4/P1/SEI_4101A/TP_BLUETOOTH/emission/impl/tp_bluetooth_reception
# Command line: vivado
# Log file: /user/didouha/E4/P1/SEI_4101A/TP_BLUETOOTH/emission/impl/tp_bluetooth_reception/vivado.log
# Journal file: /user/didouha/E4/P1/SEI_4101A/TP_BLUETOOTH/emission/impl/tp_bluetooth_reception/vivado.jou
# Running On: pc3407i, OS: Linux, CPU Frequency: 1370.772 MHz, CPU Physical cores: 8, Host memory: 16538 MB
#-----------------------------------------------------------
start_gui
Sourcing tcl script '/nfs/opt/eda/tools/amd/vitis-2022.1/Vivado/2022.1/scripts/Vivado_init.tcl'
ESIEE Paris custom init
(/nfs/opt/eda/tools/amd/vitis-2022.1/Vivado/2022.1/scripts/Vivado_init.tcl)
(others ESIEE custom config in : ~/.Xilinx/Vivado/2022.1/vivado.ini)
 * Checking LANG, result should be en_US.UTF-8 : result=en_US.UTF-8
 * Raising 'multi-driven net on pin' (critical warning) severity to error
WARNING: [Board 49-26] cannot add Board Part xilinx.com:kcu105:part0:1.6 available at /nfs/opt/eda/tools/amd/vitis-2022.1/Vivado/2022.1/data/xhub/boards/XilinxBoardStore/boards/Xilinx/kcu105/1.6/board.xml as part xcku040-ffva1156-2-e specified in board_part file is either invalid or not available
WARNING: [Board 49-26] cannot add Board Part xilinx.com:kcu105:part0:1.7 available at /nfs/opt/eda/tools/amd/vitis-2022.1/Vivado/2022.1/data/xhub/boards/XilinxBoardStore/boards/Xilinx/kcu105/1.7/board.xml as part xcku040-ffva1156-2-e specified in board_part file is either invalid or not available
WARNING: [Board 49-26] cannot add Board Part xilinx.com:kcu1500:part0:1.2 available at /nfs/opt/eda/tools/amd/vitis-2022.1/Vivado/2022.1/data/xhub/boards/XilinxBoardStore/boards/Xilinx/kcu1500/1.2/board.xml as part xcku115-flvb2104-2-e specified in board_part file is either invalid or not available
WARNING: [Board 49-26] cannot add Board Part xilinx.com:vc707:part0:1.4 available at /nfs/opt/eda/tools/amd/vitis-2022.1/Vivado/2022.1/data/xhub/boards/XilinxBoardStore/boards/Xilinx/vc707/1.4/board.xml as part xc7vx485tffg1761-2 specified in board_part file is either invalid or not available
WARNING: [Board 49-26] cannot add Board Part xilinx.com:vc709:part0:1.8 available at /nfs/opt/eda/tools/amd/vitis-2022.1/Vivado/2022.1/data/xhub/boards/XilinxBoardStore/boards/Xilinx/vc709/1.8/board.xml as part xc7vx690tffg1761-2 specified in board_part file is either invalid or not available
WARNING: [Board 49-26] cannot add Board Part xilinx.com:vck190:part0:2.2 available at /nfs/opt/eda/tools/amd/vitis-2022.1/Vivado/2022.1/data/xhub/boards/XilinxBoardStore/boards/Xilinx/vck190/production/2.2/board.xml as part xcvc1902-vsva2197-2mp-e-s specified in board_part file is either invalid or not available
WARNING: [Board 49-26] cannot add Board Part xilinx.com:vck190:part0:3.0 available at /nfs/opt/eda/tools/amd/vitis-2022.1/Vivado/2022.1/data/xhub/boards/XilinxBoardStore/boards/Xilinx/vck190/production/3.0/board.xml as part xcvc1902-vsva2197-2mp-e-s specified in board_part file is either invalid or not available
WARNING: [Board 49-26] cannot add Board Part xilinx.com:vck190_newl:part0:1.0 available at /nfs/opt/eda/tools/amd/vitis-2022.1/Vivado/2022.1/data/xhub/boards/XilinxBoardStore/boards/Xilinx/vck190_newl/production/1.0/board.xml as part xcvc1902-vsva2197-2mp-e-s specified in board_part file is either invalid or not available
WARNING: [Board 49-26] cannot add Board Part xilinx.com:vcu108:part0:1.6 available at /nfs/opt/eda/tools/amd/vitis-2022.1/Vivado/2022.1/data/xhub/boards/XilinxBoardStore/boards/Xilinx/vcu108/1.6/board.xml as part xcvu095-ffva2104-2-e specified in board_part file is either invalid or not available
WARNING: [Board 49-26] cannot add Board Part xilinx.com:vcu108:part0:1.7 available at /nfs/opt/eda/tools/amd/vitis-2022.1/Vivado/2022.1/data/xhub/boards/XilinxBoardStore/boards/Xilinx/vcu108/1.7/board.xml as part xcvu095-ffva2104-2-e specified in board_part file is either invalid or not available
WARNING: [Board 49-26] cannot add Board Part xilinx.com:vcu110:part0:1.4 available at /nfs/opt/eda/tools/amd/vitis-2022.1/Vivado/2022.1/data/xhub/boards/XilinxBoardStore/boards/Xilinx/vcu110/1.4/board.xml as part xcvu190-flgc2104-2-e specified in board_part file is either invalid or not available
WARNING: [Board 49-26] cannot add Board Part xilinx.com:vcu118:part0:2.0 available at /nfs/opt/eda/tools/amd/vitis-2022.1/Vivado/2022.1/data/xhub/boards/XilinxBoardStore/boards/Xilinx/vcu118/2.0/board.xml as part xcvu9p-flga2104-2l-e specified in board_part file is either invalid or not available
WARNING: [Board 49-26] cannot add Board Part xilinx.com:vcu118:part0:2.3 available at /nfs/opt/eda/tools/amd/vitis-2022.1/Vivado/2022.1/data/xhub/boards/XilinxBoardStore/boards/Xilinx/vcu118/2.3/board.xml as part xcvu9p-flga2104-2l-e specified in board_part file is either invalid or not available
WARNING: [Board 49-26] cannot add Board Part xilinx.com:vcu118:part0:2.4 available at /nfs/opt/eda/tools/amd/vitis-2022.1/Vivado/2022.1/data/xhub/boards/XilinxBoardStore/boards/Xilinx/vcu118/2.4/board.xml as part xcvu9p-flga2104-2l-e specified in board_part file is either invalid or not available
WARNING: [Board 49-26] cannot add Board Part xilinx.com:vcu128:part0:1.0 available at /nfs/opt/eda/tools/amd/vitis-2022.1/Vivado/2022.1/data/xhub/boards/XilinxBoardStore/boards/Xilinx/vcu128/production/1.0/board.xml as part xcvu37p-fsvh2892-2l-e specified in board_part file is either invalid or not available
WARNING: [Board 49-26] cannot add Board Part xilinx.com:vcu129:part0:1.0 available at /nfs/opt/eda/tools/amd/vitis-2022.1/Vivado/2022.1/data/xhub/boards/XilinxBoardStore/boards/Xilinx/vcu129/production/1.0/board.xml as part xcvu29p-fsga2577-2l-e specified in board_part file is either invalid or not available
WARNING: [Board 49-26] cannot add Board Part xilinx.com:vcu1525:part0:1.3 available at /nfs/opt/eda/tools/amd/vitis-2022.1/Vivado/2022.1/data/xhub/boards/XilinxBoardStore/boards/Xilinx/vcu1525/1.3/board.xml as part xcvu9p-fsgd2104-2l-e specified in board_part file is either invalid or not available
WARNING: [Board 49-26] cannot add Board Part xilinx.com:vermeo_t1_rfsoc:part0:1.0 available at /nfs/opt/eda/tools/amd/vitis-2022.1/Vivado/2022.1/data/xhub/boards/XilinxBoardStore/boards/Xilinx/vermeo_t1_rfsoc/1.0/board.xml as part xczu21dr-ffvd1156-2l-e specified in board_part file is either invalid or not available
WARNING: [Board 49-26] cannot add Board Part xilinx.com:vmk180:part0:2.2 available at /nfs/opt/eda/tools/amd/vitis-2022.1/Vivado/2022.1/data/xhub/boards/XilinxBoardStore/boards/Xilinx/vmk180/production/2.2/board.xml as part xcvm1802-vsva2197-2mp-e-s specified in board_part file is either invalid or not available
WARNING: [Board 49-26] cannot add Board Part xilinx.com:vmk180:part0:3.0 available at /nfs/opt/eda/tools/amd/vitis-2022.1/Vivado/2022.1/data/xhub/boards/XilinxBoardStore/boards/Xilinx/vmk180/production/3.0/board.xml as part xcvm1802-vsva2197-2mp-e-s specified in board_part file is either invalid or not available
WARNING: [Board 49-26] cannot add Board Part xilinx.com:vmk180_newl:part0:1.0 available at /nfs/opt/eda/tools/amd/vitis-2022.1/Vivado/2022.1/data/xhub/boards/XilinxBoardStore/boards/Xilinx/vmk180_newl/production/1.0/board.xml as part xcvm1802-vsva2197-2mp-e-s specified in board_part file is either invalid or not available
WARNING: [Board 49-26] cannot add Board Part xilinx.com:vpk120_es:part0:1.2 available at /nfs/opt/eda/tools/amd/vitis-2022.1/Vivado/2022.1/data/xhub/boards/XilinxBoardStore/boards/Xilinx/vpk120/es/1.2/board.xml as part xcvp1202-vsva2785-2mp-e-s-es1 specified in board_part file is either invalid or not available
WARNING: [Board 49-26] cannot add Board Part xilinx.com:vpk120_es_revb:part0:1.0 available at /nfs/opt/eda/tools/amd/vitis-2022.1/Vivado/2022.1/data/xhub/boards/XilinxBoardStore/boards/Xilinx/vpk120_revb/es/1.0/board.xml as part xcvp1202-vsva2785-2mp-e-s-es1 specified in board_part file is either invalid or not available
WARNING: [Board 49-26] cannot add Board Part xilinx.com:zcu111:part0:1.2 available at /nfs/opt/eda/tools/amd/vitis-2022.1/Vivado/2022.1/data/xhub/boards/XilinxBoardStore/boards/Xilinx/zcu111/1.2/board.xml as part xczu28dr-ffvg1517-2-e specified in board_part file is either invalid or not available
WARNING: [Board 49-26] cannot add Board Part xilinx.com:zcu111:part0:1.3 available at /nfs/opt/eda/tools/amd/vitis-2022.1/Vivado/2022.1/data/xhub/boards/XilinxBoardStore/boards/Xilinx/zcu111/1.3/board.xml as part xczu28dr-ffvg1517-2-e specified in board_part file is either invalid or not available
WARNING: [Board 49-26] cannot add Board Part xilinx.com:zcu111:part0:1.4 available at /nfs/opt/eda/tools/amd/vitis-2022.1/Vivado/2022.1/data/xhub/boards/XilinxBoardStore/boards/Xilinx/zcu111/1.4/board.xml as part xczu28dr-ffvg1517-2-e specified in board_part file is either invalid or not available
WARNING: [Board 49-26] cannot add Board Part xilinx.com:zcu1275:part0:1.0 available at /nfs/opt/eda/tools/amd/vitis-2022.1/Vivado/2022.1/data/xhub/boards/XilinxBoardStore/boards/Xilinx/zcu1275/1.0/board.xml as part xczu29dr-ffvf1760-2-e specified in board_part file is either invalid or not available
WARNING: [Board 49-26] cannot add Board Part xilinx.com:zcu1285:part0:1.0 available at /nfs/opt/eda/tools/amd/vitis-2022.1/Vivado/2022.1/data/xhub/boards/XilinxBoardStore/boards/Xilinx/zcu1285/1.0/board.xml as part xczu39dr-ffvf1760-2-i specified in board_part file is either invalid or not available
WARNING: [Board 49-26] cannot add Board Part xilinx.com:zcu208:part0:2.0 available at /nfs/opt/eda/tools/amd/vitis-2022.1/Vivado/2022.1/data/xhub/boards/XilinxBoardStore/boards/Xilinx/zcu208/production/2.0/board.xml as part xczu48dr-fsvg1517-2-e specified in board_part file is either invalid or not available
WARNING: [Board 49-26] cannot add Board Part xilinx.com:zcu208ld:part0:2.0 available at /nfs/opt/eda/tools/amd/vitis-2022.1/Vivado/2022.1/data/xhub/boards/XilinxBoardStore/boards/Xilinx/zcu208ld/production/2.0/board.xml as part xczu58dr-fsvg1517-2-i specified in board_part file is either invalid or not available
WARNING: [Board 49-26] cannot add Board Part xilinx.com:zcu216:part0:2.0 available at /nfs/opt/eda/tools/amd/vitis-2022.1/Vivado/2022.1/data/xhub/boards/XilinxBoardStore/boards/Xilinx/zcu216/production/2.0/board.xml as part xczu49dr-ffvf1760-2-e specified in board_part file is either invalid or not available
WARNING: [Board 49-26] cannot add Board Part xilinx.com:zcu216ld:part0:2.0 available at /nfs/opt/eda/tools/amd/vitis-2022.1/Vivado/2022.1/data/xhub/boards/XilinxBoardStore/boards/Xilinx/zcu216ld/production/2.0/board.xml as part xczu59dr-ffvf1760-2-i specified in board_part file is either invalid or not available
WARNING: [Board 49-26] cannot add Board Part xilinx.com:zcu670:part0:2.0 available at /nfs/opt/eda/tools/amd/vitis-2022.1/Vivado/2022.1/data/xhub/boards/XilinxBoardStore/boards/Xilinx/zcu670/2.0/board.xml as part xczu67dr-fsve1156-2-i specified in board_part file is either invalid or not available
WARNING: [Board 49-26] cannot add Board Part xilinx.com:zcu670ld:part0:1.0 available at /nfs/opt/eda/tools/amd/vitis-2022.1/Vivado/2022.1/data/xhub/boards/XilinxBoardStore/boards/Xilinx/zcu670ld/1.0/board.xml as part xczu57dr-fsve1156-2-i specified in board_part file is either invalid or not available
open_project /user/didouha/E4/P1/SEI_4101A/TP_BLUETOOTH/emission/impl/tp_bluetooth_reception/tp_bluetooth_reception.xpr
INFO: [filemgmt 56-3] Default IP Output Path : Could not find the directory '/user/didouha/E4/P1/SEI_4101A/TP_BLUETOOTH/emission/impl/tp_bluetooth_reception/tp_bluetooth_reception.gen/sources_1'.
Scanning sources...
Finished scanning sources
INFO: [IP_Flow 19-234] Refreshing IP repositories
INFO: [IP_Flow 19-1704] No user IP repositories specified
INFO: [IP_Flow 19-2313] Loaded Vivado IP repository '/nfs/opt/eda/tools/amd/vitis-2022.1/Vivado/2022.1/data/ip'.
open_project: Time (s): cpu = 00:00:13 ; elapsed = 00:00:08 . Memory (MB): peak = 7591.824 ; gain = 51.070 ; free physical = 9784 ; free virtual = 21270
update_compile_order -fileset sources_1
set_property -name {STEPS.SYNTH_DESIGN.ARGS.MORE OPTIONS} -value -debug_log -objects [get_runs synth_1]
reset_run synth_1
INFO: [Project 1-1160] Copying file /user/didouha/E4/P1/SEI_4101A/TP_BLUETOOTH/emission/impl/tp_bluetooth_reception/tp_bluetooth_reception.runs/synth_1/reception.dcp to /user/didouha/E4/P1/SEI_4101A/TP_BLUETOOTH/emission/impl/tp_bluetooth_reception/tp_bluetooth_reception.srcs/utils_1/imports/synth_1 and adding it to utils fileset
launch_runs impl_1 -to_step write_bitstream -jobs 16
[Fri Nov  3 14:01:07 2023] Launched synth_1...
Run output will be captured here: /user/didouha/E4/P1/SEI_4101A/TP_BLUETOOTH/emission/impl/tp_bluetooth_reception/tp_bluetooth_reception.runs/synth_1/runme.log
[Fri Nov  3 14:01:08 2023] Launched impl_1...
Run output will be captured here: /user/didouha/E4/P1/SEI_4101A/TP_BLUETOOTH/emission/impl/tp_bluetooth_reception/tp_bluetooth_reception.runs/impl_1/runme.log
exit
INFO: [Common 17-206] Exiting Vivado at Fri Nov  3 14:05:25 2023...
